<?xml version="1.0" encoding="UTF-8"?>
<testng-results ignored="0" total="1" passed="1" failed="0" skipped="0">
  <reporter-output>
  </reporter-output>
  <suite started-at="2022-03-28T14:49:42 IST" name="Default suite" finished-at="2022-03-28T14:49:55 IST" duration-ms="12471">
    <groups>
      <group name="smokeTest">
        <method signature="LoginApplicationTest.loginpage()[pri:0, instance:com.crm.vtiger.LoginApplicationTest@6da21078]" name="loginpage" class="com.crm.vtiger.LoginApplicationTest"/>
      </group> <!-- smokeTest -->
    </groups>
    <test started-at="2022-03-28T14:49:42 IST" name="Default test" finished-at="2022-03-28T14:49:55 IST" duration-ms="12471">
      <class name="com.crm.vtiger.LoginApplicationTest">
        <test-method signature="loginpage()[pri:0, instance:com.crm.vtiger.LoginApplicationTest@6da21078]" started-at="2022-03-28T14:49:42 IST" name="loginpage" finished-at="2022-03-28T14:49:55 IST" duration-ms="12417" status="PASS">
          <reporter-output>
          </reporter-output>
        </test-method> <!-- loginpage -->
      </class> <!-- com.crm.vtiger.LoginApplicationTest -->
    </test> <!-- Default test -->
  </suite> <!-- Default suite -->
</testng-results>
